<?xml version="1.0" encoding="UTF-8"?>
<!-- Generated by org.testng.reporters.JUnitXMLReporter -->
<testsuite ignored="0" hostname="DESKTOP-48EDMU8" failures="0" tests="5" name="Test" time="124.335" errors="0" timestamp="2026-08-29T23:38:22 IST">
  <testcase classname="testcases.myFirstTestFrameWork" name="loginTest" time="11.062"/>
  <testcase classname="testcases.myFirstTestFrameWork" name="loginTest" time="7.459"/>
  <testcase classname="testcases.myFirstTestFrameWork" name="loginTest" time="6.834"/>
  <testcase classname="testcases.myFirstTestFrameWork" name="loginTest" time="6.993"/>
  <testcase classname="testcases.myFirstTestFrameWork" name="loginTest" time="6.945"/>
</testsuite> <!-- Test -->
